2025-07-12T17:38:10.934+08:00  INFO 19534 --- [spring-demo] [main] s.ntu.spring_demo.SpringDemoApplication  : Starting SpringDemoApplication using Java 17.0.15 with PID 19534 (/home/tatzelcat/JavaAssignments/springbootlesson/spring-demo/target/classes started by tatzelcat in /home/tatzelcat/JavaAssignments/springbootlesson/spring-demo)
2025-07-12T17:38:10.936+08:00  INFO 19534 --- [spring-demo] [main] s.ntu.spring_demo.SpringDemoApplication  : No active profile set, falling back to 1 default profile: "default"
2025-07-12T17:38:12.093+08:00  INFO 19534 --- [spring-demo] [main] o.s.b.w.embedded.tomcat.TomcatWebServer  : Tomcat initialized with port 8081 (http)
2025-07-12T17:38:12.116+08:00  INFO 19534 --- [spring-demo] [main] o.apache.catalina.core.StandardService   : Starting service [Tomcat]
2025-07-12T17:38:12.116+08:00  INFO 19534 --- [spring-demo] [main] o.apache.catalina.core.StandardEngine    : Starting Servlet engine: [Apache Tomcat/10.1.42]
2025-07-12T17:38:12.192+08:00  INFO 19534 --- [spring-demo] [main] o.a.c.c.C.[Tomcat].[localhost].[/]       : Initializing Spring embedded WebApplicationContext
2025-07-12T17:38:12.193+08:00  INFO 19534 --- [spring-demo] [main] w.s.c.ServletWebServerApplicationContext : Root WebApplicationContext: initialization completed in 1181 ms
2025-07-12T17:38:12.308+08:00  INFO 19534 --- [spring-demo] [main] o.s.b.a.w.s.WelcomePageHandlerMapping    : Adding welcome page: class path resource [static/index.html]
2025-07-12T17:38:12.567+08:00  INFO 19534 --- [spring-demo] [main] o.s.b.w.embedded.tomcat.TomcatWebServer  : Tomcat started on port 8081 (http) with context path '/'
2025-07-12T17:38:12.579+08:00  INFO 19534 --- [spring-demo] [main] s.ntu.spring_demo.SpringDemoApplication  : Started SpringDemoApplication in 2.33 seconds (process running for 2.745)
2025-07-12T17:53:32.509+08:00  INFO 19534 --- [spring-demo] [SpringApplicationShutdownHook] o.s.b.w.e.tomcat.GracefulShutdown        : Commencing graceful shutdown. Waiting for active requests to complete
2025-07-12T17:53:32.546+08:00  INFO 19534 --- [spring-demo] [tomcat-shutdown] o.s.b.w.e.tomcat.GracefulShutdown        : Graceful shutdown complete
2025-07-12T17:53:42.623+08:00  INFO 25559 --- [spring-demo] [main] s.ntu.spring_demo.SpringDemoApplication  : Starting SpringDemoApplication using Java 17.0.15 with PID 25559 (/home/tatzelcat/JavaAssignments/springbootlesson/spring-demo/target/classes started by tatzelcat in /home/tatzelcat/JavaAssignments/springbootlesson/spring-demo)
2025-07-12T17:53:42.625+08:00  INFO 25559 --- [spring-demo] [main] s.ntu.spring_demo.SpringDemoApplication  : No active profile set, falling back to 1 default profile: "default"
2025-07-12T17:53:43.877+08:00  INFO 25559 --- [spring-demo] [main] o.s.b.w.embedded.tomcat.TomcatWebServer  : Tomcat initialized with port 8081 (http)
2025-07-12T17:53:43.896+08:00  INFO 25559 --- [spring-demo] [main] o.apache.catalina.core.StandardService   : Starting service [Tomcat]
2025-07-12T17:53:43.897+08:00  INFO 25559 --- [spring-demo] [main] o.apache.catalina.core.StandardEngine    : Starting Servlet engine: [Apache Tomcat/10.1.42]
2025-07-12T17:53:43.961+08:00  INFO 25559 --- [spring-demo] [main] o.a.c.c.C.[Tomcat].[localhost].[/]       : Initializing Spring embedded WebApplicationContext
2025-07-12T17:53:43.962+08:00  INFO 25559 --- [spring-demo] [main] w.s.c.ServletWebServerApplicationContext : Root WebApplicationContext: initialization completed in 1259 ms
2025-07-12T17:53:44.074+08:00  INFO 25559 --- [spring-demo] [main] o.s.b.a.w.s.WelcomePageHandlerMapping    : Adding welcome page: class path resource [static/index.html]
2025-07-12T17:53:44.381+08:00  INFO 25559 --- [spring-demo] [main] o.s.b.w.embedded.tomcat.TomcatWebServer  : Tomcat started on port 8081 (http) with context path '/'
2025-07-12T17:53:44.392+08:00  INFO 25559 --- [spring-demo] [main] s.ntu.spring_demo.SpringDemoApplication  : Started SpringDemoApplication in 2.454 seconds (process running for 2.808)
2025-07-12T17:53:47.636+08:00  INFO 25559 --- [spring-demo] [SpringApplicationShutdownHook] o.s.b.w.e.tomcat.GracefulShutdown        : Commencing graceful shutdown. Waiting for active requests to complete
2025-07-12T17:53:47.651+08:00  INFO 25559 --- [spring-demo] [tomcat-shutdown] o.s.b.w.e.tomcat.GracefulShutdown        : Graceful shutdown complete
2025-07-12T17:53:55.344+08:00  INFO 25759 --- [spring-demo] [main] s.ntu.spring_demo.SpringDemoApplication  : Starting SpringDemoApplication using Java 17.0.15 with PID 25759 (/home/tatzelcat/JavaAssignments/springbootlesson/spring-demo/target/classes started by tatzelcat in /home/tatzelcat/JavaAssignments/springbootlesson/spring-demo)
2025-07-12T17:53:55.347+08:00  INFO 25759 --- [spring-demo] [main] s.ntu.spring_demo.SpringDemoApplication  : No active profile set, falling back to 1 default profile: "default"
2025-07-12T17:53:56.202+08:00  INFO 25759 --- [spring-demo] [main] o.s.b.w.embedded.tomcat.TomcatWebServer  : Tomcat initialized with port 8081 (http)
2025-07-12T17:53:56.221+08:00  INFO 25759 --- [spring-demo] [main] o.apache.catalina.core.StandardService   : Starting service [Tomcat]
2025-07-12T17:53:56.222+08:00  INFO 25759 --- [spring-demo] [main] o.apache.catalina.core.StandardEngine    : Starting Servlet engine: [Apache Tomcat/10.1.42]
2025-07-12T17:53:56.271+08:00  INFO 25759 --- [spring-demo] [main] o.a.c.c.C.[Tomcat].[localhost].[/]       : Initializing Spring embedded WebApplicationContext
2025-07-12T17:53:56.273+08:00  INFO 25759 --- [spring-demo] [main] w.s.c.ServletWebServerApplicationContext : Root WebApplicationContext: initialization completed in 868 ms
2025-07-12T17:53:56.386+08:00  INFO 25759 --- [spring-demo] [main] o.s.b.a.w.s.WelcomePageHandlerMapping    : Adding welcome page: class path resource [static/index.html]
2025-07-12T17:53:56.646+08:00  INFO 25759 --- [spring-demo] [main] o.s.b.w.embedded.tomcat.TomcatWebServer  : Tomcat started on port 8081 (http) with context path '/'
2025-07-12T17:53:56.657+08:00  INFO 25759 --- [spring-demo] [main] s.ntu.spring_demo.SpringDemoApplication  : Started SpringDemoApplication in 1.806 seconds (process running for 2.045)
2025-07-12T17:54:09.539+08:00  INFO 25759 --- [spring-demo] [http-nio-8081-exec-1] o.a.c.c.C.[Tomcat].[localhost].[/]       : Initializing Spring DispatcherServlet 'dispatcherServlet'
2025-07-12T17:54:09.540+08:00  INFO 25759 --- [spring-demo] [http-nio-8081-exec-1] o.s.web.servlet.DispatcherServlet        : Initializing Servlet 'dispatcherServlet'
2025-07-12T17:54:09.542+08:00  INFO 25759 --- [spring-demo] [http-nio-8081-exec-1] o.s.web.servlet.DispatcherServlet        : Completed initialization in 1 ms
2025-07-12T18:04:10.170+08:00  INFO 25759 --- [spring-demo] [SpringApplicationShutdownHook] o.s.b.w.e.tomcat.GracefulShutdown        : Commencing graceful shutdown. Waiting for active requests to complete
2025-07-12T18:04:10.184+08:00  INFO 25759 --- [spring-demo] [tomcat-shutdown] o.s.b.w.e.tomcat.GracefulShutdown        : Graceful shutdown complete
